Analysis & Synthesis report for uart_top
Wed Mar 19 15:42:37 2025
Quartus Prime Version 17.1.0 Build 590 10/25/2017 SJ Lite Edition


---------------------
; Table of Contents ;
---------------------
  1. Legal Notice
  2. Analysis & Synthesis Summary
  3. Analysis & Synthesis Settings
  4. Parallel Compilation
  5. Analysis & Synthesis Source Files Read
  6. Analysis & Synthesis Resource Usage Summary
  7. Analysis & Synthesis Resource Utilization by Entity
  8. State Machine - |uart_top|state
  9. State Machine - |uart_top|uart_tx:uart_tx_inst|state
 10. Registers Removed During Synthesis
 11. General Register Statistics
 12. Inverted Register Statistics
 13. Multiplexer Restructuring Statistics (Restructuring Performed)
 14. Parameter Settings for User Entity Instance: Top-level Entity: |uart_top
 15. Parameter Settings for User Entity Instance: uart_tx:uart_tx_inst
 16. Parameter Settings for Inferred Entity Instance: lpm_divide:Div0
 17. Parameter Settings for Inferred Entity Instance: lpm_divide:Mod0
 18. Post-Synthesis Netlist Statistics for Top Partition
 19. Elapsed Time Per Partition
 20. Analysis & Synthesis Messages



----------------
; Legal Notice ;
----------------
Copyright (C) 2017  Intel Corporation. All rights reserved.
Your use of Intel Corporation's design tools, logic functions 
and other software and tools, and its AMPP partner logic 
functions, and any output files from any of the foregoing 
(including device programming or simulation files), and any 
associated documentation or information are expressly subject 
to the terms and conditions of the Intel Program License 
Subscription Agreement, the Intel Quartus Prime License Agreement,
the Intel FPGA IP License Agreement, or other applicable license
agreement, including, without limitation, that your use is for
the sole purpose of programming logic devices manufactured by
Intel and sold by Intel or its authorized distributors.  Please
refer to the applicable agreement for further details.



+----------------------------------------------------------------------------------+
; Analysis & Synthesis Summary                                                     ;
+------------------------------------+---------------------------------------------+
; Analysis & Synthesis Status        ; Successful - Wed Mar 19 15:42:37 2025       ;
; Quartus Prime Version              ; 17.1.0 Build 590 10/25/2017 SJ Lite Edition ;
; Revision Name                      ; uart_top                                    ;
; Top-level Entity Name              ; uart_top                                    ;
; Family                             ; MAX 10                                      ;
; Total logic elements               ; 569                                         ;
;     Total combinational functions  ; 560                                         ;
;     Dedicated logic registers      ; 144                                         ;
; Total registers                    ; 144                                         ;
; Total pins                         ; 3                                           ;
; Total virtual pins                 ; 0                                           ;
; Total memory bits                  ; 0                                           ;
; Embedded Multiplier 9-bit elements ; 0                                           ;
; Total PLLs                         ; 0                                           ;
; UFM blocks                         ; 0                                           ;
; ADC blocks                         ; 0                                           ;
+------------------------------------+---------------------------------------------+


+----------------------------------------------------------------------------------------------------------------------+
; Analysis & Synthesis Settings                                                                                        ;
+----------------------------------------------------------------------------+--------------------+--------------------+
; Option                                                                     ; Setting            ; Default Value      ;
+----------------------------------------------------------------------------+--------------------+--------------------+
; Device                                                                     ; 10M50DAF484C7G     ;                    ;
; Top-level entity name                                                      ; uart_top           ; uart_top           ;
; Family name                                                                ; MAX 10             ; Cyclone V          ;
; Use smart compilation                                                      ; Off                ; Off                ;
; Enable parallel Assembler and TimeQuest Timing Analyzer during compilation ; On                 ; On                 ;
; Enable compact report table                                                ; Off                ; Off                ;
; Restructure Multiplexers                                                   ; Auto               ; Auto               ;
; Create Debugging Nodes for IP Cores                                        ; Off                ; Off                ;
; Preserve fewer node names                                                  ; On                 ; On                 ;
; Intel FPGA IP Evaluation Mode                                              ; Enable             ; Enable             ;
; Verilog Version                                                            ; Verilog_2001       ; Verilog_2001       ;
; VHDL Version                                                               ; VHDL_1993          ; VHDL_1993          ;
; State Machine Processing                                                   ; Auto               ; Auto               ;
; Safe State Machine                                                         ; Off                ; Off                ;
; Extract Verilog State Machines                                             ; On                 ; On                 ;
; Extract VHDL State Machines                                                ; On                 ; On                 ;
; Ignore Verilog initial constructs                                          ; Off                ; Off                ;
; Iteration limit for constant Verilog loops                                 ; 5000               ; 5000               ;
; Iteration limit for non-constant Verilog loops                             ; 250                ; 250                ;
; Add Pass-Through Logic to Inferred RAMs                                    ; On                 ; On                 ;
; Infer RAMs from Raw Logic                                                  ; On                 ; On                 ;
; Parallel Synthesis                                                         ; On                 ; On                 ;
; DSP Block Balancing                                                        ; Auto               ; Auto               ;
; NOT Gate Push-Back                                                         ; On                 ; On                 ;
; Power-Up Don't Care                                                        ; On                 ; On                 ;
; Remove Redundant Logic Cells                                               ; Off                ; Off                ;
; Remove Duplicate Registers                                                 ; On                 ; On                 ;
; Ignore CARRY Buffers                                                       ; Off                ; Off                ;
; Ignore CASCADE Buffers                                                     ; Off                ; Off                ;
; Ignore GLOBAL Buffers                                                      ; Off                ; Off                ;
; Ignore ROW GLOBAL Buffers                                                  ; Off                ; Off                ;
; Ignore LCELL Buffers                                                       ; Off                ; Off                ;
; Ignore SOFT Buffers                                                        ; On                 ; On                 ;
; Limit AHDL Integers to 32 Bits                                             ; Off                ; Off                ;
; Optimization Technique                                                     ; Balanced           ; Balanced           ;
; Carry Chain Length                                                         ; 70                 ; 70                 ;
; Auto Carry Chains                                                          ; On                 ; On                 ;
; Auto Open-Drain Pins                                                       ; On                 ; On                 ;
; Perform WYSIWYG Primitive Resynthesis                                      ; Off                ; Off                ;
; Auto ROM Replacement                                                       ; On                 ; On                 ;
; Auto RAM Replacement                                                       ; On                 ; On                 ;
; Auto DSP Block Replacement                                                 ; On                 ; On                 ;
; Auto Shift Register Replacement                                            ; Auto               ; Auto               ;
; Allow Shift Register Merging across Hierarchies                            ; Auto               ; Auto               ;
; Auto Clock Enable Replacement                                              ; On                 ; On                 ;
; Strict RAM Replacement                                                     ; Off                ; Off                ;
; Allow Synchronous Control Signals                                          ; On                 ; On                 ;
; Force Use of Synchronous Clear Signals                                     ; Off                ; Off                ;
; Auto RAM Block Balancing                                                   ; On                 ; On                 ;
; Auto RAM to Logic Cell Conversion                                          ; Off                ; Off                ;
; Auto Resource Sharing                                                      ; Off                ; Off                ;
; Allow Any RAM Size For Recognition                                         ; Off                ; Off                ;
; Allow Any ROM Size For Recognition                                         ; Off                ; Off                ;
; Allow Any Shift Register Size For Recognition                              ; Off                ; Off                ;
; Use LogicLock Constraints during Resource Balancing                        ; On                 ; On                 ;
; Ignore translate_off and synthesis_off directives                          ; Off                ; Off                ;
; Timing-Driven Synthesis                                                    ; On                 ; On                 ;
; Report Parameter Settings                                                  ; On                 ; On                 ;
; Report Source Assignments                                                  ; On                 ; On                 ;
; Report Connectivity Checks                                                 ; On                 ; On                 ;
; Ignore Maximum Fan-Out Assignments                                         ; Off                ; Off                ;
; Synchronization Register Chain Length                                      ; 2                  ; 2                  ;
; Power Optimization During Synthesis                                        ; Normal compilation ; Normal compilation ;
; HDL message level                                                          ; Level2             ; Level2             ;
; Suppress Register Optimization Related Messages                            ; Off                ; Off                ;
; Number of Removed Registers Reported in Synthesis Report                   ; 5000               ; 5000               ;
; Number of Swept Nodes Reported in Synthesis Report                         ; 5000               ; 5000               ;
; Number of Inverted Registers Reported in Synthesis Report                  ; 100                ; 100                ;
; Clock MUX Protection                                                       ; On                 ; On                 ;
; Auto Gated Clock Conversion                                                ; Off                ; Off                ;
; Block Design Naming                                                        ; Auto               ; Auto               ;
; SDC constraint protection                                                  ; Off                ; Off                ;
; Synthesis Effort                                                           ; Auto               ; Auto               ;
; Shift Register Replacement - Allow Asynchronous Clear Signal               ; On                 ; On                 ;
; Pre-Mapping Resynthesis Optimization                                       ; Off                ; Off                ;
; Analysis & Synthesis Message Level                                         ; Medium             ; Medium             ;
; Disable Register Merging Across Hierarchies                                ; Auto               ; Auto               ;
; Resource Aware Inference For Block RAM                                     ; On                 ; On                 ;
+----------------------------------------------------------------------------+--------------------+--------------------+


+------------------------------------------+
; Parallel Compilation                     ;
+----------------------------+-------------+
; Processors                 ; Number      ;
+----------------------------+-------------+
; Number detected on machine ; 8           ;
; Maximum allowed            ; 4           ;
;                            ;             ;
; Average used               ; 1.00        ;
; Maximum used               ; 4           ;
;                            ;             ;
; Usage by Processor         ; % Time Used ;
;     Processor 1            ; 100.0%      ;
;     Processors 2-4         ;   0.0%      ;
+----------------------------+-------------+


+-------------------------------------------------------------------------------------------------------------------------------------------------------------------------+
; Analysis & Synthesis Source Files Read                                                                                                                                  ;
+----------------------------------+-----------------+------------------------------+---------------------------------------------------------------------------+---------+
; File Name with User-Entered Path ; Used in Netlist ; File Type                    ; File Name with Absolute Path                                              ; Library ;
+----------------------------------+-----------------+------------------------------+---------------------------------------------------------------------------+---------+
; uart_top.v                       ; yes             ; User Verilog HDL File        ; D:/Apps/Quartus/User/uart_de10/uart_top.v                                 ;         ;
; uart_tx.v                        ; yes             ; User Verilog HDL File        ; D:/Apps/Quartus/User/uart_de10/uart_tx.v                                  ;         ;
; lpm_divide.tdf                   ; yes             ; Megafunction                 ; d:/apps/quartus/setup/quartus/libraries/megafunctions/lpm_divide.tdf      ;         ;
; abs_divider.inc                  ; yes             ; Megafunction                 ; d:/apps/quartus/setup/quartus/libraries/megafunctions/abs_divider.inc     ;         ;
; sign_div_unsign.inc              ; yes             ; Megafunction                 ; d:/apps/quartus/setup/quartus/libraries/megafunctions/sign_div_unsign.inc ;         ;
; aglobal171.inc                   ; yes             ; Megafunction                 ; d:/apps/quartus/setup/quartus/libraries/megafunctions/aglobal171.inc      ;         ;
; db/lpm_divide_otl.tdf            ; yes             ; Auto-Generated Megafunction  ; D:/Apps/Quartus/User/uart_de10/db/lpm_divide_otl.tdf                      ;         ;
; db/sign_div_unsign_qlh.tdf       ; yes             ; Auto-Generated Megafunction  ; D:/Apps/Quartus/User/uart_de10/db/sign_div_unsign_qlh.tdf                 ;         ;
; db/alt_u_div_uhe.tdf             ; yes             ; Auto-Generated Megafunction  ; D:/Apps/Quartus/User/uart_de10/db/alt_u_div_uhe.tdf                       ;         ;
; db/add_sub_t3c.tdf               ; yes             ; Auto-Generated Megafunction  ; D:/Apps/Quartus/User/uart_de10/db/add_sub_t3c.tdf                         ;         ;
; db/add_sub_u3c.tdf               ; yes             ; Auto-Generated Megafunction  ; D:/Apps/Quartus/User/uart_de10/db/add_sub_u3c.tdf                         ;         ;
; db/lpm_divide_rll.tdf            ; yes             ; Auto-Generated Megafunction  ; D:/Apps/Quartus/User/uart_de10/db/lpm_divide_rll.tdf                      ;         ;
+----------------------------------+-----------------+------------------------------+---------------------------------------------------------------------------+---------+


+---------------------------------------------------------+
; Analysis & Synthesis Resource Usage Summary             ;
+---------------------------------------------+-----------+
; Resource                                    ; Usage     ;
+---------------------------------------------+-----------+
; Estimated Total logic elements              ; 569       ;
;                                             ;           ;
; Total combinational functions               ; 560       ;
; Logic element usage by number of LUT inputs ;           ;
;     -- 4 input functions                    ; 139       ;
;     -- 3 input functions                    ; 113       ;
;     -- <=2 input functions                  ; 308       ;
;                                             ;           ;
; Logic elements by mode                      ;           ;
;     -- normal mode                          ; 360       ;
;     -- arithmetic mode                      ; 200       ;
;                                             ;           ;
; Total registers                             ; 144       ;
;     -- Dedicated logic registers            ; 144       ;
;     -- I/O registers                        ; 0         ;
;                                             ;           ;
; I/O pins                                    ; 3         ;
;                                             ;           ;
; Embedded Multiplier 9-bit elements          ; 0         ;
;                                             ;           ;
; Maximum fan-out node                        ; clk~input ;
; Maximum fan-out                             ; 144       ;
; Total fan-out                               ; 1897      ;
; Average fan-out                             ; 2.67      ;
+---------------------------------------------+-----------+


+----------------------------------------------------------------------------------------------------------------------------------------------------------------------------------------------------------------------------------------------------------------------------------------------------------------------------------------------+
; Analysis & Synthesis Resource Utilization by Entity                                                                                                                                                                                                                                                                                          ;
+----------------------------------------+---------------------+---------------------------+-------------+------------+--------------+---------+-----------+------+--------------+------------+-----------------------------------------------------------------------------------------------------------+---------------------+--------------+
; Compilation Hierarchy Node             ; Combinational ALUTs ; Dedicated Logic Registers ; Memory Bits ; UFM Blocks ; DSP Elements ; DSP 9x9 ; DSP 18x18 ; Pins ; Virtual Pins ; ADC blocks ; Full Hierarchy Name                                                                                       ; Entity Name         ; Library Name ;
+----------------------------------------+---------------------+---------------------------+-------------+------------+--------------+---------+-----------+------+--------------+------------+-----------------------------------------------------------------------------------------------------------+---------------------+--------------+
; |uart_top                              ; 560 (200)           ; 144 (111)                 ; 0           ; 0          ; 0            ; 0       ; 0         ; 3    ; 0            ; 0          ; |uart_top                                                                                                 ; uart_top            ; work         ;
;    |lpm_divide:Div0|                   ; 155 (0)             ; 0 (0)                     ; 0           ; 0          ; 0            ; 0       ; 0         ; 0    ; 0            ; 0          ; |uart_top|lpm_divide:Div0                                                                                 ; lpm_divide          ; work         ;
;       |lpm_divide_otl:auto_generated|  ; 155 (0)             ; 0 (0)                     ; 0           ; 0          ; 0            ; 0       ; 0         ; 0    ; 0            ; 0          ; |uart_top|lpm_divide:Div0|lpm_divide_otl:auto_generated                                                   ; lpm_divide_otl      ; work         ;
;          |sign_div_unsign_qlh:divider| ; 155 (0)             ; 0 (0)                     ; 0           ; 0          ; 0            ; 0       ; 0         ; 0    ; 0            ; 0          ; |uart_top|lpm_divide:Div0|lpm_divide_otl:auto_generated|sign_div_unsign_qlh:divider                       ; sign_div_unsign_qlh ; work         ;
;             |alt_u_div_uhe:divider|    ; 155 (155)           ; 0 (0)                     ; 0           ; 0          ; 0            ; 0       ; 0         ; 0    ; 0            ; 0          ; |uart_top|lpm_divide:Div0|lpm_divide_otl:auto_generated|sign_div_unsign_qlh:divider|alt_u_div_uhe:divider ; alt_u_div_uhe       ; work         ;
;    |lpm_divide:Mod0|                   ; 163 (0)             ; 0 (0)                     ; 0           ; 0          ; 0            ; 0       ; 0         ; 0    ; 0            ; 0          ; |uart_top|lpm_divide:Mod0                                                                                 ; lpm_divide          ; work         ;
;       |lpm_divide_rll:auto_generated|  ; 163 (0)             ; 0 (0)                     ; 0           ; 0          ; 0            ; 0       ; 0         ; 0    ; 0            ; 0          ; |uart_top|lpm_divide:Mod0|lpm_divide_rll:auto_generated                                                   ; lpm_divide_rll      ; work         ;
;          |sign_div_unsign_qlh:divider| ; 163 (0)             ; 0 (0)                     ; 0           ; 0          ; 0            ; 0       ; 0         ; 0    ; 0            ; 0          ; |uart_top|lpm_divide:Mod0|lpm_divide_rll:auto_generated|sign_div_unsign_qlh:divider                       ; sign_div_unsign_qlh ; work         ;
;             |alt_u_div_uhe:divider|    ; 163 (163)           ; 0 (0)                     ; 0           ; 0          ; 0            ; 0       ; 0         ; 0    ; 0            ; 0          ; |uart_top|lpm_divide:Mod0|lpm_divide_rll:auto_generated|sign_div_unsign_qlh:divider|alt_u_div_uhe:divider ; alt_u_div_uhe       ; work         ;
;    |uart_tx:uart_tx_inst|              ; 42 (42)             ; 33 (33)                   ; 0           ; 0          ; 0            ; 0       ; 0         ; 0    ; 0            ; 0          ; |uart_top|uart_tx:uart_tx_inst                                                                            ; uart_tx             ; work         ;
+----------------------------------------+---------------------+---------------------------+-------------+------------+--------------+---------+-----------+------+--------------+------------+-----------------------------------------------------------------------------------------------------------+---------------------+--------------+
Note: For table entries with two numbers listed, the numbers in parentheses indicate the number of resources of the given type used by the specific entity alone. The numbers listed outside of parentheses indicate the total resources of the given type used by the specific entity and all of its sub-entities in the hierarchy.


Encoding Type:  One-Hot
+---------------------------------------------------+
; State Machine - |uart_top|state                   ;
+------------+------------+------------+------------+
; Name       ; state.IDLE ; state.WAIT ; state.SEND ;
+------------+------------+------------+------------+
; state.IDLE ; 0          ; 0          ; 0          ;
; state.SEND ; 1          ; 0          ; 1          ;
; state.WAIT ; 1          ; 1          ; 0          ;
+------------+------------+------------+------------+


Encoding Type:  One-Hot
+-------------------------------------------------------------------------------------+
; State Machine - |uart_top|uart_tx:uart_tx_inst|state                                ;
+-------------------+-------------------+---------------+--------------+--------------+
; Name              ; state.S_SEND_BYTE ; state.S_START ; state.S_IDLE ; state.S_STOP ;
+-------------------+-------------------+---------------+--------------+--------------+
; state.S_IDLE      ; 0                 ; 0             ; 0            ; 0            ;
; state.S_START     ; 0                 ; 1             ; 1            ; 0            ;
; state.S_SEND_BYTE ; 1                 ; 0             ; 1            ; 0            ;
; state.S_STOP      ; 0                 ; 0             ; 1            ; 1            ;
+-------------------+-------------------+---------------+--------------+--------------+


+--------------------------------------------------------------------------------+
; Registers Removed During Synthesis                                             ;
+---------------------------------------+----------------------------------------+
; Register name                         ; Reason for Removal                     ;
+---------------------------------------+----------------------------------------+
; tmp_dv[4,5]                           ; Stuck at VCC due to stuck port data_in ;
; tmp_dv[6,7]                           ; Stuck at GND due to stuck port data_in ;
; state~9                               ; Lost fanout                            ;
; state~10                              ; Lost fanout                            ;
; uart_tx:uart_tx_inst|state~4          ; Lost fanout                            ;
; uart_tx:uart_tx_inst|state~5          ; Lost fanout                            ;
; temp_value[0]                         ; Merged with tmp_dv[0]                  ;
; Total Number of Removed Registers = 9 ;                                        ;
+---------------------------------------+----------------------------------------+


+------------------------------------------------------+
; General Register Statistics                          ;
+----------------------------------------------+-------+
; Statistic                                    ; Value ;
+----------------------------------------------+-------+
; Total registers                              ; 144   ;
; Number of registers using Synchronous Clear  ; 16    ;
; Number of registers using Synchronous Load   ; 1     ;
; Number of registers using Asynchronous Clear ; 85    ;
; Number of registers using Asynchronous Load  ; 0     ;
; Number of registers using Clock Enable       ; 55    ;
; Number of registers using Preset             ; 0     ;
+----------------------------------------------+-------+


+--------------------------------------------------+
; Inverted Register Statistics                     ;
+----------------------------------------+---------+
; Inverted Register                      ; Fan out ;
+----------------------------------------+---------+
; uart_tx:uart_tx_inst|tx_reg            ; 1       ;
; tmp_dv[0]                              ; 3       ;
; Total number of inverted registers = 2 ;         ;
+----------------------------------------+---------+


+---------------------------------------------------------------------------------------------------------------------------------------------------------+
; Multiplexer Restructuring Statistics (Restructuring Performed)                                                                                          ;
+--------------------+-----------+---------------+----------------------+------------------------+------------+-------------------------------------------+
; Multiplexer Inputs ; Bus Width ; Baseline Area ; Area if Restructured ; Saving if Restructured ; Registered ; Example Multiplexer Output                ;
+--------------------+-----------+---------------+----------------------+------------------------+------------+-------------------------------------------+
; 3:1                ; 8 bits    ; 16 LEs        ; 8 LEs                ; 8 LEs                  ; Yes        ; |uart_top|tx_cnt[7]                       ;
; 3:1                ; 3 bits    ; 6 LEs         ; 3 LEs                ; 3 LEs                  ; Yes        ; |uart_top|uart_tx:uart_tx_inst|bit_cnt[2] ;
; 17:1               ; 3 bits    ; 33 LEs        ; 24 LEs               ; 9 LEs                  ; Yes        ; |uart_top|tx_data[6]                      ;
; 17:1               ; 4 bits    ; 44 LEs        ; 32 LEs               ; 12 LEs                 ; Yes        ; |uart_top|tx_data[3]                      ;
+--------------------+-----------+---------------+----------------------+------------------------+------------+-------------------------------------------+


+--------------------------------------------------------------------------+
; Parameter Settings for User Entity Instance: Top-level Entity: |uart_top ;
+----------------+--------+------------------------------------------------+
; Parameter Name ; Value  ; Type                                           ;
+----------------+--------+------------------------------------------------+
; CLK_FRE        ; 50     ; Signed Integer                                 ;
; UART_FRE       ; 115200 ; Signed Integer                                 ;
+----------------+--------+------------------------------------------------+
Note: In order to hide this table in the UI and the text report file, please set the "Show Parameter Settings in Synthesis Report" option in "Analysis and Synthesis Settings -> More Settings" to "Off".


+-------------------------------------------------------------------+
; Parameter Settings for User Entity Instance: uart_tx:uart_tx_inst ;
+----------------+--------+-----------------------------------------+
; Parameter Name ; Value  ; Type                                    ;
+----------------+--------+-----------------------------------------+
; CLK_FRE        ; 50     ; Signed Integer                          ;
; BAUD_RATE      ; 115200 ; Signed Integer                          ;
+----------------+--------+-----------------------------------------+
Note: In order to hide this table in the UI and the text report file, please set the "Show Parameter Settings in Synthesis Report" option in "Analysis and Synthesis Settings -> More Settings" to "Off".


+------------------------------------------------------------------+
; Parameter Settings for Inferred Entity Instance: lpm_divide:Div0 ;
+------------------------+----------------+------------------------+
; Parameter Name         ; Value          ; Type                   ;
+------------------------+----------------+------------------------+
; LPM_WIDTHN             ; 16             ; Untyped                ;
; LPM_WIDTHD             ; 4              ; Untyped                ;
; LPM_NREPRESENTATION    ; UNSIGNED       ; Untyped                ;
; LPM_DREPRESENTATION    ; UNSIGNED       ; Untyped                ;
; LPM_PIPELINE           ; 0              ; Untyped                ;
; LPM_REMAINDERPOSITIVE  ; TRUE           ; Untyped                ;
; MAXIMIZE_SPEED         ; 5              ; Untyped                ;
; CBXI_PARAMETER         ; lpm_divide_otl ; Untyped                ;
; CARRY_CHAIN            ; MANUAL         ; Untyped                ;
; OPTIMIZE_FOR_SPEED     ; 5              ; Untyped                ;
; AUTO_CARRY_CHAINS      ; ON             ; AUTO_CARRY             ;
; IGNORE_CARRY_BUFFERS   ; OFF            ; IGNORE_CARRY           ;
; AUTO_CASCADE_CHAINS    ; ON             ; AUTO_CASCADE           ;
; IGNORE_CASCADE_BUFFERS ; OFF            ; IGNORE_CASCADE         ;
+------------------------+----------------+------------------------+
Note: In order to hide this table in the UI and the text report file, please set the "Show Parameter Settings in Synthesis Report" option in "Analysis and Synthesis Settings -> More Settings" to "Off".


+------------------------------------------------------------------+
; Parameter Settings for Inferred Entity Instance: lpm_divide:Mod0 ;
+------------------------+----------------+------------------------+
; Parameter Name         ; Value          ; Type                   ;
+------------------------+----------------+------------------------+
; LPM_WIDTHN             ; 16             ; Untyped                ;
; LPM_WIDTHD             ; 4              ; Untyped                ;
; LPM_NREPRESENTATION    ; UNSIGNED       ; Untyped                ;
; LPM_DREPRESENTATION    ; UNSIGNED       ; Untyped                ;
; LPM_PIPELINE           ; 0              ; Untyped                ;
; LPM_REMAINDERPOSITIVE  ; TRUE           ; Untyped                ;
; MAXIMIZE_SPEED         ; 5              ; Untyped                ;
; CBXI_PARAMETER         ; lpm_divide_rll ; Untyped                ;
; CARRY_CHAIN            ; MANUAL         ; Untyped                ;
; OPTIMIZE_FOR_SPEED     ; 5              ; Untyped                ;
; AUTO_CARRY_CHAINS      ; ON             ; AUTO_CARRY             ;
; IGNORE_CARRY_BUFFERS   ; OFF            ; IGNORE_CARRY           ;
; AUTO_CASCADE_CHAINS    ; ON             ; AUTO_CASCADE           ;
; IGNORE_CASCADE_BUFFERS ; OFF            ; IGNORE_CASCADE         ;
+------------------------+----------------+------------------------+
Note: In order to hide this table in the UI and the text report file, please set the "Show Parameter Settings in Synthesis Report" option in "Analysis and Synthesis Settings -> More Settings" to "Off".


+-----------------------------------------------------+
; Post-Synthesis Netlist Statistics for Top Partition ;
+-----------------------+-----------------------------+
; Type                  ; Count                       ;
+-----------------------+-----------------------------+
; boundary_port         ; 3                           ;
; cycloneiii_ff         ; 144                         ;
;     CLR               ; 41                          ;
;     CLR SCLR          ; 16                          ;
;     ENA               ; 27                          ;
;     ENA CLR           ; 27                          ;
;     ENA CLR SLD       ; 1                           ;
;     plain             ; 32                          ;
; cycloneiii_lcell_comb ; 561                         ;
;     arith             ; 200                         ;
;         2 data inputs ; 103                         ;
;         3 data inputs ; 97                          ;
;     normal            ; 361                         ;
;         0 data inputs ; 26                          ;
;         1 data inputs ; 12                          ;
;         2 data inputs ; 168                         ;
;         3 data inputs ; 16                          ;
;         4 data inputs ; 139                         ;
;                       ;                             ;
; Max LUT depth         ; 31.10                       ;
; Average LUT depth     ; 16.10                       ;
+-----------------------+-----------------------------+


+-------------------------------+
; Elapsed Time Per Partition    ;
+----------------+--------------+
; Partition Name ; Elapsed Time ;
+----------------+--------------+
; Top            ; 00:00:01     ;
+----------------+--------------+


+-------------------------------+
; Analysis & Synthesis Messages ;
+-------------------------------+
Info: *******************************************************************
Info: Running Quartus Prime Analysis & Synthesis
    Info: Version 17.1.0 Build 590 10/25/2017 SJ Lite Edition
    Info: Processing started: Wed Mar 19 15:42:26 2025
Info: Command: quartus_map --read_settings_files=on --write_settings_files=off uart_top -c uart_top
Warning (18236): Number of processors has not been specified which may cause overloading on shared machines.  Set the global assignment NUM_PARALLEL_PROCESSORS in your QSF to an appropriate value for best performance.
Info (20030): Parallel compilation is enabled and will use 4 of the 4 processors detected
Info (12021): Found 1 design units, including 1 entities, in source file uart_top.v
    Info (12023): Found entity 1: uart_top File: D:/Apps/Quartus/User/uart_de10/uart_top.v Line: 1
Info (12021): Found 1 design units, including 1 entities, in source file uart_tx.v
    Info (12023): Found entity 1: uart_tx File: D:/Apps/Quartus/User/uart_de10/uart_tx.v Line: 1
Info (12021): Found 1 design units, including 1 entities, in source file uart_rx.v
    Info (12023): Found entity 1: uart_rx File: D:/Apps/Quartus/User/uart_de10/uart_rx.v Line: 1
Info (12127): Elaborating entity "uart_top" for the top level hierarchy
Warning (10858): Verilog HDL warning at uart_top.v(20): object rx_data used but never assigned File: D:/Apps/Quartus/User/uart_de10/uart_top.v Line: 20
Warning (10858): Verilog HDL warning at uart_top.v(21): object rx_data_valid used but never assigned File: D:/Apps/Quartus/User/uart_de10/uart_top.v Line: 21
Warning (10036): Verilog HDL or VHDL warning at uart_top.v(50): object "lcd_data_hum" assigned a value but never read File: D:/Apps/Quartus/User/uart_de10/uart_top.v Line: 50
Warning (10230): Verilog HDL assignment warning at uart_top.v(34): truncated value with size 32 to match size of target (16) File: D:/Apps/Quartus/User/uart_de10/uart_top.v Line: 34
Warning (10230): Verilog HDL assignment warning at uart_top.v(35): truncated value with size 32 to match size of target (8) File: D:/Apps/Quartus/User/uart_de10/uart_top.v Line: 35
Warning (10230): Verilog HDL assignment warning at uart_top.v(36): truncated value with size 32 to match size of target (8) File: D:/Apps/Quartus/User/uart_de10/uart_top.v Line: 36
Warning (10235): Verilog HDL Always Construct warning at uart_top.v(43): variable "tmp_ch" is read inside the Always Construct but isn't in the Always Construct's Event Control File: D:/Apps/Quartus/User/uart_de10/uart_top.v Line: 43
Warning (10235): Verilog HDL Always Construct warning at uart_top.v(44): variable "tmp_dv" is read inside the Always Construct but isn't in the Always Construct's Event Control File: D:/Apps/Quartus/User/uart_de10/uart_top.v Line: 44
Warning (10230): Verilog HDL assignment warning at uart_top.v(55): truncated value with size 120 to match size of target (72) File: D:/Apps/Quartus/User/uart_de10/uart_top.v Line: 55
Warning (10235): Verilog HDL Always Construct warning at uart_top.v(60): variable "lcd_data_temp" is read inside the Always Construct but isn't in the Always Construct's Event Control File: D:/Apps/Quartus/User/uart_de10/uart_top.v Line: 60
Warning (10030): Net "rx_data" at uart_top.v(20) has no driver or initial value, using a default initial value '0' File: D:/Apps/Quartus/User/uart_de10/uart_top.v Line: 20
Warning (10030): Net "rx_data_valid" at uart_top.v(21) has no driver or initial value, using a default initial value '0' File: D:/Apps/Quartus/User/uart_de10/uart_top.v Line: 21
Info (12128): Elaborating entity "uart_tx" for hierarchy "uart_tx:uart_tx_inst" File: D:/Apps/Quartus/User/uart_de10/uart_top.v Line: 174
Info (278001): Inferred 2 megafunctions from design logic
    Info (278004): Inferred divider/modulo megafunction ("lpm_divide") from the following logic: "Div0" File: D:/Apps/Quartus/User/uart_de10/uart_top.v Line: 35
    Info (278004): Inferred divider/modulo megafunction ("lpm_divide") from the following logic: "Mod0" File: D:/Apps/Quartus/User/uart_de10/uart_top.v Line: 36
Info (12130): Elaborated megafunction instantiation "lpm_divide:Div0" File: D:/Apps/Quartus/User/uart_de10/uart_top.v Line: 35
Info (12133): Instantiated megafunction "lpm_divide:Div0" with the following parameter: File: D:/Apps/Quartus/User/uart_de10/uart_top.v Line: 35
    Info (12134): Parameter "LPM_WIDTHN" = "16"
    Info (12134): Parameter "LPM_WIDTHD" = "4"
    Info (12134): Parameter "LPM_NREPRESENTATION" = "UNSIGNED"
    Info (12134): Parameter "LPM_DREPRESENTATION" = "UNSIGNED"
Info (12021): Found 1 design units, including 1 entities, in source file db/lpm_divide_otl.tdf
    Info (12023): Found entity 1: lpm_divide_otl File: D:/Apps/Quartus/User/uart_de10/db/lpm_divide_otl.tdf Line: 24
Info (12021): Found 1 design units, including 1 entities, in source file db/sign_div_unsign_qlh.tdf
    Info (12023): Found entity 1: sign_div_unsign_qlh File: D:/Apps/Quartus/User/uart_de10/db/sign_div_unsign_qlh.tdf Line: 24
Info (12021): Found 1 design units, including 1 entities, in source file db/alt_u_div_uhe.tdf
    Info (12023): Found entity 1: alt_u_div_uhe File: D:/Apps/Quartus/User/uart_de10/db/alt_u_div_uhe.tdf Line: 26
Info (12021): Found 1 design units, including 1 entities, in source file db/add_sub_t3c.tdf
    Info (12023): Found entity 1: add_sub_t3c File: D:/Apps/Quartus/User/uart_de10/db/add_sub_t3c.tdf Line: 22
Info (12021): Found 1 design units, including 1 entities, in source file db/add_sub_u3c.tdf
    Info (12023): Found entity 1: add_sub_u3c File: D:/Apps/Quartus/User/uart_de10/db/add_sub_u3c.tdf Line: 22
Info (12130): Elaborated megafunction instantiation "lpm_divide:Mod0" File: D:/Apps/Quartus/User/uart_de10/uart_top.v Line: 36
Info (12133): Instantiated megafunction "lpm_divide:Mod0" with the following parameter: File: D:/Apps/Quartus/User/uart_de10/uart_top.v Line: 36
    Info (12134): Parameter "LPM_WIDTHN" = "16"
    Info (12134): Parameter "LPM_WIDTHD" = "4"
    Info (12134): Parameter "LPM_NREPRESENTATION" = "UNSIGNED"
    Info (12134): Parameter "LPM_DREPRESENTATION" = "UNSIGNED"
Info (12021): Found 1 design units, including 1 entities, in source file db/lpm_divide_rll.tdf
    Info (12023): Found entity 1: lpm_divide_rll File: D:/Apps/Quartus/User/uart_de10/db/lpm_divide_rll.tdf Line: 24
Info (13000): Registers with preset signals will power-up high File: D:/Apps/Quartus/User/uart_de10/uart_tx.v Line: 121
Info (13003): DEV_CLRn pin will set, and not reset, register with preset signal due to NOT Gate Push-Back
Info (286030): Timing-Driven Synthesis is running
Info (17049): 4 registers lost all their fanouts during netlist optimizations.
Info (16010): Generating hard_block partition "hard_block:auto_generated_inst"
    Info (16011): Adding 0 node(s), including 0 DDIO, 0 PLL, 0 transceiver and 0 LCELL
Info (21057): Implemented 577 device resources after synthesis - the final resource count might be different
    Info (21058): Implemented 2 input pins
    Info (21059): Implemented 1 output pins
    Info (21061): Implemented 574 logic cells
Info: Quartus Prime Analysis & Synthesis was successful. 0 errors, 13 warnings
    Info: Peak virtual memory: 4778 megabytes
    Info: Processing ended: Wed Mar 19 15:42:37 2025
    Info: Elapsed time: 00:00:11
    Info: Total CPU time (on all processors): 00:00:23


